mode: set
github.com/FernandoJVideira/velox/mailer/mail.go:47.32,48.6 1 1
github.com/FernandoJVideira/velox/mailer/mail.go:48.6,51.17 3 1
github.com/FernandoJVideira/velox/mailer/mail.go:51.17,53.4 1 1
github.com/FernandoJVideira/velox/mailer/mail.go:53.9,55.4 1 1
github.com/FernandoJVideira/velox/mailer/mail.go:59.40,60.81 1 1
github.com/FernandoJVideira/velox/mailer/mail.go:60.81,62.3 1 1
github.com/FernandoJVideira/velox/mailer/mail.go:63.2,63.31 1 1
github.com/FernandoJVideira/velox/mailer/mail.go:66.45,67.15 1 1
github.com/FernandoJVideira/velox/mailer/mail.go:68.42,69.36 1 0
github.com/FernandoJVideira/velox/mailer/mail.go:70.10,71.92 1 1
github.com/FernandoJVideira/velox/mailer/mail.go:75.66,76.20 1 1
github.com/FernandoJVideira/velox/mailer/mail.go:76.20,78.3 1 1
github.com/FernandoJVideira/velox/mailer/mail.go:80.2,80.24 1 1
github.com/FernandoJVideira/velox/mailer/mail.go:80.24,82.3 1 1
github.com/FernandoJVideira/velox/mailer/mail.go:84.2,93.16 3 1
github.com/FernandoJVideira/velox/mailer/mail.go:93.16,95.3 1 1
github.com/FernandoJVideira/velox/mailer/mail.go:98.2,99.16 2 0
github.com/FernandoJVideira/velox/mailer/mail.go:99.16,101.3 1 0
github.com/FernandoJVideira/velox/mailer/mail.go:102.2,103.16 2 0
github.com/FernandoJVideira/velox/mailer/mail.go:103.16,105.3 1 0
github.com/FernandoJVideira/velox/mailer/mail.go:107.2,116.16 3 0
github.com/FernandoJVideira/velox/mailer/mail.go:116.16,118.3 1 0
github.com/FernandoJVideira/velox/mailer/mail.go:120.2,121.16 2 0
github.com/FernandoJVideira/velox/mailer/mail.go:121.16,123.3 1 0
github.com/FernandoJVideira/velox/mailer/mail.go:125.2,125.12 1 0
github.com/FernandoJVideira/velox/mailer/mail.go:128.79,129.30 1 0
github.com/FernandoJVideira/velox/mailer/mail.go:129.30,132.46 2 0
github.com/FernandoJVideira/velox/mailer/mail.go:132.46,135.18 3 0
github.com/FernandoJVideira/velox/mailer/mail.go:135.18,137.5 1 0
github.com/FernandoJVideira/velox/mailer/mail.go:139.4,142.45 4 0
github.com/FernandoJVideira/velox/mailer/mail.go:145.3,145.31 1 0
github.com/FernandoJVideira/velox/mailer/mail.go:147.2,147.12 1 0
github.com/FernandoJVideira/velox/mailer/mail.go:150.51,153.16 2 1
github.com/FernandoJVideira/velox/mailer/mail.go:153.16,155.3 1 0
github.com/FernandoJVideira/velox/mailer/mail.go:156.2,157.16 2 1
github.com/FernandoJVideira/velox/mailer/mail.go:157.16,159.3 1 0
github.com/FernandoJVideira/velox/mailer/mail.go:161.2,171.16 11 1
github.com/FernandoJVideira/velox/mailer/mail.go:171.16,173.3 1 0
github.com/FernandoJVideira/velox/mailer/mail.go:175.2,183.30 5 1
github.com/FernandoJVideira/velox/mailer/mail.go:183.30,184.46 1 1
github.com/FernandoJVideira/velox/mailer/mail.go:184.46,186.4 1 1
github.com/FernandoJVideira/velox/mailer/mail.go:189.2,190.16 2 1
github.com/FernandoJVideira/velox/mailer/mail.go:190.16,192.3 1 1
github.com/FernandoJVideira/velox/mailer/mail.go:194.2,194.12 1 1
github.com/FernandoJVideira/velox/mailer/mail.go:197.65,198.20 1 1
github.com/FernandoJVideira/velox/mailer/mail.go:199.13,200.28 1 0
github.com/FernandoJVideira/velox/mailer/mail.go:201.13,202.33 1 0
github.com/FernandoJVideira/velox/mailer/mail.go:203.14,204.29 1 1
github.com/FernandoJVideira/velox/mailer/mail.go:205.10,206.33 1 0
github.com/FernandoJVideira/velox/mailer/mail.go:210.62,214.16 3 1
github.com/FernandoJVideira/velox/mailer/mail.go:214.16,216.3 1 0
github.com/FernandoJVideira/velox/mailer/mail.go:218.2,221.16 3 1
github.com/FernandoJVideira/velox/mailer/mail.go:221.16,223.3 1 0
github.com/FernandoJVideira/velox/mailer/mail.go:225.2,227.16 3 1
github.com/FernandoJVideira/velox/mailer/mail.go:227.16,229.3 1 0
github.com/FernandoJVideira/velox/mailer/mail.go:231.2,231.30 1 1
github.com/FernandoJVideira/velox/mailer/mail.go:234.67,238.16 3 1
github.com/FernandoJVideira/velox/mailer/mail.go:238.16,240.3 1 0
github.com/FernandoJVideira/velox/mailer/mail.go:242.2,245.16 3 1
github.com/FernandoJVideira/velox/mailer/mail.go:245.16,247.3 1 0
github.com/FernandoJVideira/velox/mailer/mail.go:249.2,251.26 2 1
github.com/FernandoJVideira/velox/mailer/mail.go:254.54,262.16 3 1
github.com/FernandoJVideira/velox/mailer/mail.go:262.16,264.3 1 0
github.com/FernandoJVideira/velox/mailer/mail.go:266.2,267.16 2 1
github.com/FernandoJVideira/velox/mailer/mail.go:267.16,269.3 1 0
github.com/FernandoJVideira/velox/mailer/mail.go:271.2,271.18 1 1
